Basetime is: 4.452500000000001
gen0
001100111100001
1001101100110101
0001001010001111
0111110000100101
001100001111111
1011001111001011
001100011000001
0011011110000011
00110000000011
000100110101001
11101100100111
1011010100001001
1110100000110101
110111001101
111100111111001
gen1
001100111000001
101100111100001
0011000111001111
11001010001101
101111101101001
0111001011001111
111100111101001
0011001111001
101111111001001
1101111010011101
1111001111000011
0011010110001001
0001100100110101
1011011110000011
0011101111001
gen2
00110010010011
1011110011011111
1111000011011
10100111100001
0111110110011101
0111000111000011
1011010110001001
0011010110001001
11101100100011
0011010110001011
101101111101001
0011000011001111
11101100100111
0010001111001
101001111100101
gen3
1001010010001001
101101011000001
1011010011001111
1111110110001011
0011010110001001
1111010110001001
11101100100011
1011111010000111
1111011011011111
11101100100111
0011110011011101
11111000110111
011000010100011
001111011000111
11101100100011
gen4
10101111100011
10101110100001
0110010100001111
101111011
11101110100011
11100100100111
11101100100111
1011011110000111
1010111010001101
1111110011011101
1110110110011011
111010011101111
0101010111101011
01001110100111
111000111110111
gen5
11101101100111
1110111110001011
11101101100101
1101110111011111
1011111010001111
101011011
11000110111111
1111110011000101
11111101100101
1011111110000111
1111111010000101
01101110100111
11101100100111
01001010100111
1101111010111111
gen6
0010111010001111
1111111011000101
11101100100111
11101101100101
1001111011010111
1111111110011101
1110111010001101
01101110100111
11001100110111
11001110100111
1111110110011011
1111110011000101
1001111010111111
0100111011111
1100101011111
gen7
1111110110011001
11001100100111
0000111011010101
11101110100111
11101110100101
0110111010001101
11101100110011
1001110010111111
1001111010110111
11001010101111
11001100110111
01101110100111
0110101010001101
0110111110001111
1111110001000101
gen8
1111111010010111
011011111001111
1011110010111101
0111111010011111
00101110110101
11101110100101
0011111010101111
1100101110111101
1010110011010101
0111110010011
01101111100111
1000111010011101
0110111111
11101010111011
1010111000000101

