   1,512,944,224 bytes allocated in the heap
   3,915,161,592 bytes copied during GC
     510,907,664 bytes maximum residency (21 sample(s))
     170,366,768 bytes maximum slop
            1322 MB total memory in use (0 MB lost due to fragmentation)

                                     Tot time (elapsed)  Avg pause  Max pause
  Gen  0      2472 colls,     0 par    1.138s   1.167s     0.0005s    0.0018s
  Gen  1        21 colls,     0 par    3.286s   3.815s     0.1817s    0.8319s

  TASKS: 4 (1 bound, 3 peak workers (3 total), using -N1)

  SPARKS: 0 (0 converted, 0 overflowed, 0 dud, 0 GC'd, 0 fizzled)

  INIT    time    0.002s  (  0.002s elapsed)
  MUT     time    0.658s  (  1.831s elapsed)
  GC      time    3.236s  (  3.792s elapsed)
  RP      time    0.000s  (  0.000s elapsed)
  PROF    time    1.188s  (  1.190s elapsed)
  EXIT    time    0.000s  (  0.019s elapsed)
  Total   time    5.086s  (  5.645s elapsed)

  Alloc rate    2,298,039,567 bytes per MUT second

  Productivity  13.0% of total user, 11.7% of total elapsed

gc_alloc_block_sync: 0
whitehole_spin: 0
gen[0].sync: 0
gen[1].sync: 0

real	0m5.648s
user	0m5.087s
sys	0m0.547s
